<?xml version="1.0" encoding="UTF-8"?>
<!-- Generated by org.testng.reporters.JUnitXMLReporter -->
<testsuite ignored="20" hostname="GOPI" failures="0" tests="6" name="Test" time="69.055" errors="0" timestamp="2024-11-21T15:01:17 IST">
  <testcase classname="Tests.TC001_LoginPageTest" name="loginApp" time="1.997"/>
  <testcase classname="Tests.TC002_AddProductToCartTest" name="addProduct" time="1.789"/>
  <testcase classname="Tests.TC003_MyCartTest" name="verifyCart" time="8.12"/>
  <testcase classname="Tests.TC004_CheckOutTest" name="placeOrder" time="10.023"/>
  <testcase classname="Tests.TC005_ConfirmationPageTest" name="placeOrder" time="10.877"/>
  <testcase classname="Tests.TC006_OrdersPageTest" name="placeOrder" time="12.002"/>
  <testcase classname="Utils.Reporter" name="@AfterSuite stopReport" time="0.0">
    <ignored/>
  </testcase> <!-- @AfterSuite stopReport -->
  <testcase classname="Utils.Reporter" name="@AfterSuite stopReport" time="0.0">
    <ignored/>
  </testcase> <!-- @AfterSuite stopReport -->
  <testcase classname="Utils.Reporter" name="@AfterSuite stopReport" time="0.0">
    <ignored/>
  </testcase> <!-- @AfterSuite stopReport -->
  <testcase classname="Utils.Reporter" name="@AfterSuite stopReport" time="0.0">
    <ignored/>
  </testcase> <!-- @AfterSuite stopReport -->
  <testcase classname="Utils.Reporter" name="@AfterSuite stopReport" time="0.0">
    <ignored/>
  </testcase> <!-- @AfterSuite stopReport -->
  <testcase classname="Base.ProjectSpecificMethods" name="@BeforeSuite loadUserData" time="0.0">
    <ignored/>
  </testcase> <!-- @BeforeSuite loadUserData -->
  <testcase classname="Base.ProjectSpecificMethods" name="@BeforeSuite loadUserData" time="0.0">
    <ignored/>
  </testcase> <!-- @BeforeSuite loadUserData -->
  <testcase classname="Base.ProjectSpecificMethods" name="@BeforeSuite loadUserData" time="0.0">
    <ignored/>
  </testcase> <!-- @BeforeSuite loadUserData -->
  <testcase classname="Base.ProjectSpecificMethods" name="@BeforeSuite loadUserData" time="0.0">
    <ignored/>
  </testcase> <!-- @BeforeSuite loadUserData -->
  <testcase classname="Base.ProjectSpecificMethods" name="@BeforeSuite loadUserData" time="0.0">
    <ignored/>
  </testcase> <!-- @BeforeSuite loadUserData -->
  <testcase classname="Base.ProjectSpecificMethods" name="@AfterSuite unloadUserData" time="0.0">
    <ignored/>
  </testcase> <!-- @AfterSuite unloadUserData -->
  <testcase classname="Base.ProjectSpecificMethods" name="@AfterSuite unloadUserData" time="0.0">
    <ignored/>
  </testcase> <!-- @AfterSuite unloadUserData -->
  <testcase classname="Base.ProjectSpecificMethods" name="@AfterSuite unloadUserData" time="0.0">
    <ignored/>
  </testcase> <!-- @AfterSuite unloadUserData -->
  <testcase classname="Base.ProjectSpecificMethods" name="@AfterSuite unloadUserData" time="0.0">
    <ignored/>
  </testcase> <!-- @AfterSuite unloadUserData -->
  <testcase classname="Base.ProjectSpecificMethods" name="@AfterSuite unloadUserData" time="0.0">
    <ignored/>
  </testcase> <!-- @AfterSuite unloadUserData -->
  <testcase classname="Utils.Reporter" name="@BeforeSuite startReport" time="0.0">
    <ignored/>
  </testcase> <!-- @BeforeSuite startReport -->
  <testcase classname="Utils.Reporter" name="@BeforeSuite startReport" time="0.0">
    <ignored/>
  </testcase> <!-- @BeforeSuite startReport -->
  <testcase classname="Utils.Reporter" name="@BeforeSuite startReport" time="0.0">
    <ignored/>
  </testcase> <!-- @BeforeSuite startReport -->
  <testcase classname="Utils.Reporter" name="@BeforeSuite startReport" time="0.0">
    <ignored/>
  </testcase> <!-- @BeforeSuite startReport -->
  <testcase classname="Utils.Reporter" name="@BeforeSuite startReport" time="0.0">
    <ignored/>
  </testcase> <!-- @BeforeSuite startReport -->
</testsuite> <!-- Test -->
