<?xml version="1.0" encoding="UTF-8"?>
<testng-results ignored="0" total="6" passed="6" failed="0" skipped="0">
  <reporter-output>
  </reporter-output>
  <suite started-at="2024-11-21T15:04:12 IST" name="Suite" finished-at="2024-11-21T15:05:22 IST" duration-ms="69856">
    <groups>
    </groups>
    <test started-at="2024-11-21T15:04:12 IST" name="Test" finished-at="2024-11-21T15:05:22 IST" duration-ms="69856">
      <class name="Tests.TC005_ConfirmationPageTest">
        <test-method is-config="true" signature="setvalues()[pri:0, instance:Tests.TC005_ConfirmationPageTest@394df057]" started-at="2024-11-21T15:04:12 IST" name="setvalues" finished-at="2024-11-21T15:04:12 IST" duration-ms="1" status="PASS">
          <reporter-output>
          </reporter-output>
        </test-method> <!-- setvalues -->
        <test-method is-config="true" signature="report()[pri:0, instance:Tests.TC005_ConfirmationPageTest@394df057]" started-at="2024-11-21T15:04:51 IST" name="report" finished-at="2024-11-21T15:04:51 IST" duration-ms="3" status="PASS">
          <reporter-output>
          </reporter-output>
        </test-method> <!-- report -->
        <test-method is-config="true" signature="setUp()[pri:0, instance:Tests.TC005_ConfirmationPageTest@394df057]" started-at="2024-11-21T15:04:51 IST" name="setUp" finished-at="2024-11-21T15:04:54 IST" duration-ms="3406" status="PASS">
          <reporter-output>
          </reporter-output>
        </test-method> <!-- setUp -->
        <test-method signature="placeOrder(java.lang.String,java.lang.String)[pri:0, instance:Tests.TC005_ConfirmationPageTest@394df057]" started-at="2024-11-21T15:04:55 IST" name="placeOrder" data-provider="fetchData" finished-at="2024-11-21T15:05:06 IST" duration-ms="11468" status="PASS">
          <params>
            <param index="0">
              <value>
                <![CDATA[adithya5012@gmail.com]]>
              </value>
            </param>
            <param index="1">
              <value>
                <![CDATA[Spartan123]]>
              </value>
            </param>
          </params>
          <reporter-output>
          </reporter-output>
        </test-method> <!-- placeOrder -->
      </class> <!-- Tests.TC005_ConfirmationPageTest -->
      <class name="Tests.TC001_LoginPageTest">
        <test-method is-config="true" signature="startReport()[pri:0, instance:Tests.TC001_LoginPageTest@158a8276]" started-at="2024-11-21T15:04:12 IST" name="startReport" finished-at="2024-11-21T15:04:12 IST" duration-ms="373" status="PASS">
          <reporter-output>
          </reporter-output>
        </test-method> <!-- startReport -->
        <test-method is-config="true" signature="loadUserData()[pri:0, instance:Tests.TC001_LoginPageTest@158a8276]" started-at="2024-11-21T15:04:12 IST" name="loadUserData" finished-at="2024-11-21T15:04:12 IST" depends-on-methods="Utils.Reporter.startReport" duration-ms="1" status="PASS">
          <reporter-output>
          </reporter-output>
        </test-method> <!-- loadUserData -->
        <test-method is-config="true" signature="setvalues()[pri:0, instance:Tests.TC001_LoginPageTest@158a8276]" started-at="2024-11-21T15:04:12 IST" name="setvalues" finished-at="2024-11-21T15:04:12 IST" duration-ms="1" status="PASS">
          <reporter-output>
          </reporter-output>
        </test-method> <!-- setvalues -->
        <test-method is-config="true" signature="report()[pri:0, instance:Tests.TC001_LoginPageTest@158a8276]" started-at="2024-11-21T15:04:12 IST" name="report" finished-at="2024-11-21T15:04:12 IST" duration-ms="11" status="PASS">
          <reporter-output>
          </reporter-output>
        </test-method> <!-- report -->
        <test-method is-config="true" signature="setUp()[pri:0, instance:Tests.TC001_LoginPageTest@158a8276]" started-at="2024-11-21T15:04:12 IST" name="setUp" finished-at="2024-11-21T15:04:18 IST" duration-ms="5558" status="PASS">
          <reporter-output>
          </reporter-output>
        </test-method> <!-- setUp -->
        <test-method signature="loginApp(java.lang.String,java.lang.String)[pri:0, instance:Tests.TC001_LoginPageTest@158a8276]" started-at="2024-11-21T15:04:20 IST" name="loginApp" data-provider="fetchData" finished-at="2024-11-21T15:04:21 IST" duration-ms="1708" status="PASS">
          <params>
            <param index="0">
              <value>
                <![CDATA[adithya5012@gmail.com]]>
              </value>
            </param>
            <param index="1">
              <value>
                <![CDATA[Spartan123]]>
              </value>
            </param>
          </params>
          <reporter-output>
          </reporter-output>
        </test-method> <!-- loginApp -->
        <test-method is-config="true" signature="stopReport()[pri:0, instance:Tests.TC001_LoginPageTest@158a8276]" started-at="2024-11-21T15:05:22 IST" name="stopReport" finished-at="2024-11-21T15:05:23 IST" depends-on-methods="Base.ProjectSpecificMethods.unloadUserData" duration-ms="818" status="PASS">
          <reporter-output>
          </reporter-output>
        </test-method> <!-- stopReport -->
        <test-method is-config="true" signature="unloadUserData()[pri:0, instance:Tests.TC001_LoginPageTest@158a8276]" started-at="2024-11-21T15:05:22 IST" name="unloadUserData" finished-at="2024-11-21T15:05:22 IST" duration-ms="0" status="PASS">
          <reporter-output>
          </reporter-output>
        </test-method> <!-- unloadUserData -->
      </class> <!-- Tests.TC001_LoginPageTest -->
      <class name="Tests.TC003_MyCartTest">
        <test-method is-config="true" signature="setvalues()[pri:0, instance:Tests.TC003_MyCartTest@58a9760d]" started-at="2024-11-21T15:04:12 IST" name="setvalues" finished-at="2024-11-21T15:04:12 IST" duration-ms="1" status="PASS">
          <reporter-output>
          </reporter-output>
        </test-method> <!-- setvalues -->
        <test-method is-config="true" signature="report()[pri:0, instance:Tests.TC003_MyCartTest@58a9760d]" started-at="2024-11-21T15:04:28 IST" name="report" finished-at="2024-11-21T15:04:28 IST" duration-ms="0" status="PASS">
          <reporter-output>
          </reporter-output>
        </test-method> <!-- report -->
        <test-method is-config="true" signature="setUp()[pri:0, instance:Tests.TC003_MyCartTest@58a9760d]" started-at="2024-11-21T15:04:28 IST" name="setUp" finished-at="2024-11-21T15:04:32 IST" duration-ms="3900" status="PASS">
          <reporter-output>
          </reporter-output>
        </test-method> <!-- setUp -->
        <test-method signature="verifyCart(java.lang.String,java.lang.String)[pri:0, instance:Tests.TC003_MyCartTest@58a9760d]" started-at="2024-11-21T15:04:32 IST" name="verifyCart" data-provider="fetchData" finished-at="2024-11-21T15:04:37 IST" duration-ms="5339" status="PASS">
          <params>
            <param index="0">
              <value>
                <![CDATA[adithya5012@gmail.com]]>
              </value>
            </param>
            <param index="1">
              <value>
                <![CDATA[Spartan123]]>
              </value>
            </param>
          </params>
          <reporter-output>
          </reporter-output>
        </test-method> <!-- verifyCart -->
      </class> <!-- Tests.TC003_MyCartTest -->
      <class name="Tests.TC004_CheckOutTest">
        <test-method is-config="true" signature="setvalues()[pri:0, instance:Tests.TC004_CheckOutTest@71e9ddb4]" started-at="2024-11-21T15:04:12 IST" name="setvalues" finished-at="2024-11-21T15:04:12 IST" duration-ms="1" status="PASS">
          <reporter-output>
          </reporter-output>
        </test-method> <!-- setvalues -->
        <test-method is-config="true" signature="report()[pri:0, instance:Tests.TC004_CheckOutTest@71e9ddb4]" started-at="2024-11-21T15:04:37 IST" name="report" finished-at="2024-11-21T15:04:37 IST" duration-ms="1" status="PASS">
          <reporter-output>
          </reporter-output>
        </test-method> <!-- report -->
        <test-method is-config="true" signature="setUp()[pri:0, instance:Tests.TC004_CheckOutTest@71e9ddb4]" started-at="2024-11-21T15:04:37 IST" name="setUp" finished-at="2024-11-21T15:04:41 IST" duration-ms="3924" status="PASS">
          <reporter-output>
          </reporter-output>
        </test-method> <!-- setUp -->
        <test-method signature="placeOrder(java.lang.String,java.lang.String)[pri:0, instance:Tests.TC004_CheckOutTest@71e9ddb4]" started-at="2024-11-21T15:04:41 IST" name="placeOrder" data-provider="fetchData" finished-at="2024-11-21T15:04:51 IST" duration-ms="9751" status="PASS">
          <params>
            <param index="0">
              <value>
                <![CDATA[adithya5012@gmail.com]]>
              </value>
            </param>
            <param index="1">
              <value>
                <![CDATA[Spartan123]]>
              </value>
            </param>
          </params>
          <reporter-output>
          </reporter-output>
        </test-method> <!-- placeOrder -->
      </class> <!-- Tests.TC004_CheckOutTest -->
      <class name="Tests.TC006_OrdersPageTest">
        <test-method is-config="true" signature="setvalues()[pri:0, instance:Tests.TC006_OrdersPageTest@4961f6af]" started-at="2024-11-21T15:04:12 IST" name="setvalues" finished-at="2024-11-21T15:04:12 IST" duration-ms="0" status="PASS">
          <reporter-output>
          </reporter-output>
        </test-method> <!-- setvalues -->
        <test-method is-config="true" signature="setUp()[pri:0, instance:Tests.TC006_OrdersPageTest@4961f6af]" started-at="2024-11-21T15:05:06 IST" name="setUp" finished-at="2024-11-21T15:05:10 IST" duration-ms="3758" status="PASS">
          <reporter-output>
          </reporter-output>
        </test-method> <!-- setUp -->
        <test-method is-config="true" signature="report()[pri:0, instance:Tests.TC006_OrdersPageTest@4961f6af]" started-at="2024-11-21T15:05:06 IST" name="report" finished-at="2024-11-21T15:05:06 IST" duration-ms="0" status="PASS">
          <reporter-output>
          </reporter-output>
        </test-method> <!-- report -->
        <test-method signature="placeOrder(java.lang.String,java.lang.String)[pri:0, instance:Tests.TC006_OrdersPageTest@4961f6af]" started-at="2024-11-21T15:05:10 IST" name="placeOrder" data-provider="fetchData" finished-at="2024-11-21T15:05:22 IST" duration-ms="12262" status="PASS">
          <params>
            <param index="0">
              <value>
                <![CDATA[adithya5012@gmail.com]]>
              </value>
            </param>
            <param index="1">
              <value>
                <![CDATA[Spartan123]]>
              </value>
            </param>
          </params>
          <reporter-output>
          </reporter-output>
        </test-method> <!-- placeOrder -->
      </class> <!-- Tests.TC006_OrdersPageTest -->
      <class name="Tests.TC002_AddProductToCartTest">
        <test-method is-config="true" signature="setvalues()[pri:0, instance:Tests.TC002_AddProductToCartTest@7530ad9c]" started-at="2024-11-21T15:04:12 IST" name="setvalues" finished-at="2024-11-21T15:04:12 IST" duration-ms="1" status="PASS">
          <reporter-output>
          </reporter-output>
        </test-method> <!-- setvalues -->
        <test-method is-config="true" signature="report()[pri:0, instance:Tests.TC002_AddProductToCartTest@7530ad9c]" started-at="2024-11-21T15:04:21 IST" name="report" finished-at="2024-11-21T15:04:21 IST" duration-ms="3" status="PASS">
          <reporter-output>
          </reporter-output>
        </test-method> <!-- report -->
        <test-method is-config="true" signature="setUp()[pri:0, instance:Tests.TC002_AddProductToCartTest@7530ad9c]" started-at="2024-11-21T15:04:21 IST" name="setUp" finished-at="2024-11-21T15:04:26 IST" duration-ms="4367" status="PASS">
          <reporter-output>
          </reporter-output>
        </test-method> <!-- setUp -->
        <test-method signature="addProduct(java.lang.String,java.lang.String)[pri:0, instance:Tests.TC002_AddProductToCartTest@7530ad9c]" started-at="2024-11-21T15:04:26 IST" name="addProduct" data-provider="fetchData" finished-at="2024-11-21T15:04:28 IST" duration-ms="1834" status="PASS">
          <params>
            <param index="0">
              <value>
                <![CDATA[adithya5012@gmail.com]]>
              </value>
            </param>
            <param index="1">
              <value>
                <![CDATA[Spartan123]]>
              </value>
            </param>
          </params>
          <reporter-output>
          </reporter-output>
        </test-method> <!-- addProduct -->
      </class> <!-- Tests.TC002_AddProductToCartTest -->
    </test> <!-- Test -->
  </suite> <!-- Suite -->
</testng-results>
