<?xml version="1.0" encoding="UTF-8"?>
<testsuite xmlns:xsi="http://www.w3.org/2001/XMLSchema-instance" xsi:noNamespaceSchemaLocation="https://maven.apache.org/surefire/maven-surefire-plugin/xsd/surefire-test-report.xsd" version="3.0.2" name="TestSuite" time="72.522" tests="6" errors="0" skipped="0" failures="0">
  <properties>
[...]
</properties>
  <testcase name="loginApp[adithya5012@gmail.com, Spartan123](1)" classname="Tests.TC001_LoginPageTest" time="1.707">
    <system-out><![CDATA[2024-11-21T09:34:18.746803400Z main ERROR Log4j2 could not find a logging implementation. Please add log4j-core to the classpath. Using SimpleLogger to log to the console...
]]></system-out>
    <system-err><![CDATA[SLF4J: Failed to load class "org.slf4j.impl.StaticLoggerBinder".
SLF4J: Defaulting to no-operation (NOP) logger implementation
SLF4J: See http://www.slf4j.org/codes.html#StaticLoggerBinder for further details.
Nov 21, 2024 3:04:15 PM org.openqa.selenium.devtools.CdpVersionFinder findNearestMatch
WARNING: Unable to find an exact match for CDP version 131, returning the closest version; found: 128; Please update to a Selenium version that supports CDP version 131
]]></system-err>
  </testcase>
  <testcase name="addProduct[adithya5012@gmail.com, Spartan123](1)" classname="Tests.TC002_AddProductToCartTest" time="1.834">
    <system-err><![CDATA[Nov 21, 2024 3:04:23 PM org.openqa.selenium.devtools.CdpVersionFinder findNearestMatch
WARNING: Unable to find an exact match for CDP version 131, returning the closest version; found: 128; Please update to a Selenium version that supports CDP version 131
]]></system-err>
  </testcase>
  <testcase name="verifyCart[adithya5012@gmail.com, Spartan123](1)" classname="Tests.TC003_MyCartTest" time="5.338">
    <system-err><![CDATA[Nov 21, 2024 3:04:29 PM org.openqa.selenium.devtools.CdpVersionFinder findNearestMatch
WARNING: Unable to find an exact match for CDP version 131, returning the closest version; found: 128; Please update to a Selenium version that supports CDP version 131
]]></system-err>
  </testcase>
  <testcase name="placeOrder[adithya5012@gmail.com, Spartan123](1)" classname="Tests.TC004_CheckOutTest" time="9.743">
    <system-err><![CDATA[Nov 21, 2024 3:04:38 PM org.openqa.selenium.devtools.CdpVersionFinder findNearestMatch
WARNING: Unable to find an exact match for CDP version 131, returning the closest version; found: 128; Please update to a Selenium version that supports CDP version 131
]]></system-err>
  </testcase>
  <testcase name="placeOrder[adithya5012@gmail.com, Spartan123](1)" classname="Tests.TC005_ConfirmationPageTest" time="11.469">
    <system-err><![CDATA[Nov 21, 2024 3:04:52 PM org.openqa.selenium.devtools.CdpVersionFinder findNearestMatch
WARNING: Unable to find an exact match for CDP version 131, returning the closest version; found: 128; Please update to a Selenium version that supports CDP version 131
]]></system-err>
  </testcase>
  <testcase name="placeOrder[adithya5012@gmail.com, Spartan123](1)" classname="Tests.TC006_OrdersPageTest" time="12.262">
    <system-err><![CDATA[Nov 21, 2024 3:05:07 PM org.openqa.selenium.devtools.CdpVersionFinder findNearestMatch
WARNING: Unable to find an exact match for CDP version 131, returning the closest version; found: 128; Please update to a Selenium version that supports CDP version 131
]]></system-err>
  </testcase>
</testsuite>